[0.217s] DEBUG:colcon:Command line arguments: ['/usr/bin/colcon', 'list', '-p', '--base-paths', '/home/niki/goat_ws']
[0.217s] DEBUG:colcon:Parsed command line arguments: Namespace(log_base=None, log_level=None, verb_name='list', build_base='build', ignore_user_meta=False, metas=['./colcon.meta'], base_paths=['/home/niki/goat_ws'], packages_ignore=None, packages_ignore_regex=None, paths=None, packages_up_to=None, packages_up_to_regex=None, packages_above=None, packages_above_and_dependencies=None, packages_above_depth=None, packages_select_by_dep=None, packages_skip_by_dep=None, packages_skip_up_to=None, packages_select_build_failed=False, packages_skip_build_finished=False, packages_select_test_failures=False, packages_skip_test_passed=False, packages_select=None, packages_skip=None, packages_select_regex=None, packages_skip_regex=None, packages_start=None, packages_end=None, allow_overriding=[], topological_order=False, names_only=False, paths_only=True, topological_graph=False, topological_graph_dot=False, topological_graph_density=False, topological_graph_legend=False, topological_graph_dot_cluster=False, topological_graph_dot_include_skipped=False, mixin_files=None, mixin=None, verb_parser=<colcon_mixin.mixin.mixin_argument.MixinArgumentDecorator object at 0x75260f28bac0>, verb_extension=<colcon_package_information.verb.list.ListVerb object at 0x75260f28a860>, main=<bound method ListVerb.main of <colcon_package_information.verb.list.ListVerb object at 0x75260f28a860>>, mixin_verb=('list',))
[0.560s] Level 1:colcon.colcon_core.package_discovery:discover_packages(colcon_meta) check parameters
[0.560s] Level 1:colcon.colcon_core.package_discovery:discover_packages(recursive) check parameters
[0.560s] Level 1:colcon.colcon_core.package_discovery:discover_packages(ignore) check parameters
[0.560s] Level 1:colcon.colcon_core.package_discovery:discover_packages(path) check parameters
[0.560s] Level 1:colcon.colcon_core.package_discovery:discover_packages(recursive) discover
[0.560s] INFO:colcon.colcon_core.package_discovery:Crawling recursively for packages in '/home/niki/goat_ws'
[0.560s] Level 1:colcon.colcon_core.package_identification:_identify(/home/niki/goat_ws) by extensions ['ignore', 'ignore_ament_install']
[0.561s] Level 1:colcon.colcon_core.package_identification:_identify(/home/niki/goat_ws) by extension 'ignore'
[0.561s] Level 1:colcon.colcon_core.package_identification:_identify(/home/niki/goat_ws) by extension 'ignore_ament_install'
[0.561s] Level 1:colcon.colcon_core.package_identification:_identify(/home/niki/goat_ws) by extensions ['colcon_pkg']
[0.561s] Level 1:colcon.colcon_core.package_identification:_identify(/home/niki/goat_ws) by extension 'colcon_pkg'
[0.561s] Level 1:colcon.colcon_core.package_identification:_identify(/home/niki/goat_ws) by extensions ['colcon_meta']
[0.561s] Level 1:colcon.colcon_core.package_identification:_identify(/home/niki/goat_ws) by extension 'colcon_meta'
[0.561s] Level 1:colcon.colcon_core.package_identification:_identify(/home/niki/goat_ws) by extensions ['ros']
[0.561s] Level 1:colcon.colcon_core.package_identification:_identify(/home/niki/goat_ws) by extension 'ros'
[0.624s] Level 1:colcon.colcon_core.package_identification:_identify(/home/niki/goat_ws) by extensions ['cmake', 'python']
[0.625s] Level 1:colcon.colcon_core.package_identification:_identify(/home/niki/goat_ws) by extension 'cmake'
[0.625s] Level 1:colcon.colcon_core.package_identification:_identify(/home/niki/goat_ws) by extension 'python'
[0.626s] Level 1:colcon.colcon_core.package_identification:_identify(/home/niki/goat_ws) by extensions ['python_setup_py']
[0.627s] Level 1:colcon.colcon_core.package_identification:_identify(/home/niki/goat_ws) by extension 'python_setup_py'
[0.627s] Level 1:colcon.colcon_core.package_identification:_identify(/home/niki/goat_ws/log) by extensions ['ignore', 'ignore_ament_install']
[0.627s] Level 1:colcon.colcon_core.package_identification:_identify(/home/niki/goat_ws/log) by extension 'ignore'
[0.627s] Level 1:colcon.colcon_core.package_identification:_identify(/home/niki/goat_ws/log) ignored
[0.627s] Level 1:colcon.colcon_core.package_identification:_identify(/home/niki/goat_ws/src) by extensions ['ignore', 'ignore_ament_install']
[0.628s] Level 1:colcon.colcon_core.package_identification:_identify(/home/niki/goat_ws/src) by extension 'ignore'
[0.628s] Level 1:colcon.colcon_core.package_identification:_identify(/home/niki/goat_ws/src) by extension 'ignore_ament_install'
[0.628s] Level 1:colcon.colcon_core.package_identification:_identify(/home/niki/goat_ws/src) by extensions ['colcon_pkg']
[0.628s] Level 1:colcon.colcon_core.package_identification:_identify(/home/niki/goat_ws/src) by extension 'colcon_pkg'
[0.628s] Level 1:colcon.colcon_core.package_identification:_identify(/home/niki/goat_ws/src) by extensions ['colcon_meta']
[0.628s] Level 1:colcon.colcon_core.package_identification:_identify(/home/niki/goat_ws/src) by extension 'colcon_meta'
[0.628s] Level 1:colcon.colcon_core.package_identification:_identify(/home/niki/goat_ws/src) by extensions ['ros']
[0.628s] Level 1:colcon.colcon_core.package_identification:_identify(/home/niki/goat_ws/src) by extension 'ros'
[0.628s] Level 1:colcon.colcon_core.package_identification:_identify(/home/niki/goat_ws/src) by extensions ['cmake', 'python']
[0.628s] Level 1:colcon.colcon_core.package_identification:_identify(/home/niki/goat_ws/src) by extension 'cmake'
[0.628s] Level 1:colcon.colcon_core.package_identification:_identify(/home/niki/goat_ws/src) by extension 'python'
[0.628s] Level 1:colcon.colcon_core.package_identification:_identify(/home/niki/goat_ws/src) by extensions ['python_setup_py']
[0.628s] Level 1:colcon.colcon_core.package_identification:_identify(/home/niki/goat_ws/src) by extension 'python_setup_py'
[0.629s] Level 1:colcon.colcon_core.package_identification:_identify(/home/niki/goat_ws/src/goat_description) by extensions ['ignore', 'ignore_ament_install']
[0.629s] Level 1:colcon.colcon_core.package_identification:_identify(/home/niki/goat_ws/src/goat_description) by extension 'ignore'
[0.629s] Level 1:colcon.colcon_core.package_identification:_identify(/home/niki/goat_ws/src/goat_description) by extension 'ignore_ament_install'
[0.629s] Level 1:colcon.colcon_core.package_identification:_identify(/home/niki/goat_ws/src/goat_description) by extensions ['colcon_pkg']
[0.629s] Level 1:colcon.colcon_core.package_identification:_identify(/home/niki/goat_ws/src/goat_description) by extension 'colcon_pkg'
[0.629s] Level 1:colcon.colcon_core.package_identification:_identify(/home/niki/goat_ws/src/goat_description) by extensions ['colcon_meta']
[0.629s] Level 1:colcon.colcon_core.package_identification:_identify(/home/niki/goat_ws/src/goat_description) by extension 'colcon_meta'
[0.629s] Level 1:colcon.colcon_core.package_identification:_identify(/home/niki/goat_ws/src/goat_description) by extensions ['ros']
[0.629s] Level 1:colcon.colcon_core.package_identification:_identify(/home/niki/goat_ws/src/goat_description) by extension 'ros'
[0.645s] DEBUG:colcon.colcon_core.package_identification:Package '/home/niki/goat_ws/src/goat_description' with type 'ros.ament_cmake' and name 'goat_description'
[0.646s] Level 1:colcon.colcon_core.package_identification:_identify(/home/niki/goat_ws/src/goat_examples) by extensions ['ignore', 'ignore_ament_install']
[0.646s] Level 1:colcon.colcon_core.package_identification:_identify(/home/niki/goat_ws/src/goat_examples) by extension 'ignore'
[0.646s] Level 1:colcon.colcon_core.package_identification:_identify(/home/niki/goat_ws/src/goat_examples) by extension 'ignore_ament_install'
[0.646s] Level 1:colcon.colcon_core.package_identification:_identify(/home/niki/goat_ws/src/goat_examples) by extensions ['colcon_pkg']
[0.646s] Level 1:colcon.colcon_core.package_identification:_identify(/home/niki/goat_ws/src/goat_examples) by extension 'colcon_pkg'
[0.646s] Level 1:colcon.colcon_core.package_identification:_identify(/home/niki/goat_ws/src/goat_examples) by extensions ['colcon_meta']
[0.647s] Level 1:colcon.colcon_core.package_identification:_identify(/home/niki/goat_ws/src/goat_examples) by extension 'colcon_meta'
[0.647s] Level 1:colcon.colcon_core.package_identification:_identify(/home/niki/goat_ws/src/goat_examples) by extensions ['ros']
[0.647s] Level 1:colcon.colcon_core.package_identification:_identify(/home/niki/goat_ws/src/goat_examples) by extension 'ros'
[0.651s] DEBUG:colcon.colcon_core.package_identification:Package '/home/niki/goat_ws/src/goat_examples' with type 'ros.ament_python' and name 'goat_examples'
[0.652s] Level 1:colcon.colcon_core.package_identification:_identify(/home/niki/goat_ws/src/goat_msgs) by extensions ['ignore', 'ignore_ament_install']
[0.652s] Level 1:colcon.colcon_core.package_identification:_identify(/home/niki/goat_ws/src/goat_msgs) by extension 'ignore'
[0.652s] Level 1:colcon.colcon_core.package_identification:_identify(/home/niki/goat_ws/src/goat_msgs) by extension 'ignore_ament_install'
[0.653s] Level 1:colcon.colcon_core.package_identification:_identify(/home/niki/goat_ws/src/goat_msgs) by extensions ['colcon_pkg']
[0.653s] Level 1:colcon.colcon_core.package_identification:_identify(/home/niki/goat_ws/src/goat_msgs) by extension 'colcon_pkg'
[0.653s] Level 1:colcon.colcon_core.package_identification:_identify(/home/niki/goat_ws/src/goat_msgs) by extensions ['colcon_meta']
[0.653s] Level 1:colcon.colcon_core.package_identification:_identify(/home/niki/goat_ws/src/goat_msgs) by extension 'colcon_meta'
[0.653s] Level 1:colcon.colcon_core.package_identification:_identify(/home/niki/goat_ws/src/goat_msgs) by extensions ['ros']
[0.653s] Level 1:colcon.colcon_core.package_identification:_identify(/home/niki/goat_ws/src/goat_msgs) by extension 'ros'
[0.654s] DEBUG:colcon.colcon_core.package_identification:Package '/home/niki/goat_ws/src/goat_msgs' with type 'ros.ament_cmake' and name 'goat_msgs'
[0.655s] Level 1:colcon.colcon_core.package_discovery:discover_packages(recursive) using defaults
